1.0 cmd - apt-get remove docker docker-engine docker.io containerd runc
Reading package lists...
Building dependency tree...
Reading state information...
Package 'docker-engine' is not installed, so not removed
Package 'docker' is not installed, so not removed
Package 'containerd' is not installed, so not removed
Package 'docker.io' is not installed, so not removed
Package 'runc' is not installed, so not removed
0 upgraded, 0 newly installed, 0 to remove and 0 not upgraded.
4.0 curl -fsSL https://download.docker.com/linux/ubuntu/gpg
OK
5.0 apt-key fingerprint
pub   rsa4096 2017-02-22 [SCEA]
      9DC8 5822 9FC7 DD38 854A  E2D8 8D81 803C 0EBF CD88
uid           [ unknown] Docker Release (CE deb) <docker@docker.com>
sub   rsa4096 2017-02-22 [S]

6.0 add-apt-repository
Hit:1 https://download.docker.com/linux/ubuntu focal InRelease
Hit:2 http://security.ubuntu.com/ubuntu bionic-security InRelease
Hit:3 http://archive.ubuntu.com/ubuntu bionic InRelease
Hit:4 http://archive.ubuntu.com/ubuntu bionic-updates InRelease
Hit:5 http://archive.ubuntu.com/ubuntu bionic-backports InRelease
Reading package lists...
2.0 apt-get update
Hit:1 https://download.docker.com/linux/ubuntu focal InRelease
Hit:2 http://security.ubuntu.com/ubuntu bionic-security InRelease
Hit:3 http://archive.ubuntu.com/ubuntu bionic InRelease
Hit:4 http://archive.ubuntu.com/ubuntu bionic-updates InRelease
Hit:5 http://archive.ubuntu.com/ubuntu bionic-backports InRelease
Reading package lists...
3.0 apt-get install apt-transport-https
Reading package lists...
Building dependency tree...
Reading state information...
ca-certificates is already the newest version (20201027ubuntu0.18.04.1).
curl is already the newest version (7.58.0-2ubuntu3.10).
software-properties-common is already the newest version (0.96.24.32.14).
apt-transport-https is already the newest version (1.6.12ubuntu0.1).
gnupg-agent is already the newest version (2.2.4-1ubuntu1.3).
0 upgraded, 0 newly installed, 0 to remove and 0 not upgraded.
8.0 apt-get apt-get install docker-ce docker-ce-cli containerd.io
8.1 docker-ce
Reading package lists...
Building dependency tree...
Reading state information...
docker-ce is already the newest version (5:19.03.13~3-0~ubuntu-focal).
0 upgraded, 0 newly installed, 0 to remove and 0 not upgraded.
rc  127
8.2 docker-ce-cli
Reading package lists...
Building dependency tree...
Reading state information...
docker-ce-cli is already the newest version (5:19.03.13~3-0~ubuntu-focal).
0 upgraded, 0 newly installed, 0 to remove and 0 not upgraded.
rc  127
8.3 containerd.io
Reading package lists...
Building dependency tree...
Reading state information...
containerd.io is already the newest version (1.3.7-1).
0 upgraded, 0 newly installed, 0 to remove and 0 not upgraded.
rc  127
99 - finish! 127
